<?xml version="1.0" encoding="UTF-8"?>
<!-- Generated by org.testng.reporters.JUnitXMLReporter -->
<testsuite ignored="0" hostname="IM-RT-LP-621" failures="6" tests="28" name="LimbyaNayak" time="61.238" errors="0" timestamp="2023-06-07T20:35:23 IST">
  <testcase classname="testcases.AffiliateTest" name="Affiliatei" time="0.271"/>
  <testcase classname="testcases.AffiliateTest" name="regisTer" time="0.541">
    <failure type="java.lang.AssertionError" message="expected [Register for an affiliate accoun] but found [Register for an affiliate account]">
      <![CDATA[java.lang.AssertionError: expected [Register for an affiliate accoun] but found [Register for an affiliate account]
at testcases.AffiliateTest.regisTer(AffiliateTest.java:24)
at java.base/java.util.concurrent.ThreadPoolExecutor.runWorker(ThreadPoolExecutor.java:1136)
at java.base/java.util.concurrent.ThreadPoolExecutor$Worker.run(ThreadPoolExecutor.java:635)
at java.base/java.lang.Thread.run(Thread.java:833)
... Removed 18 stack frames]]>
    </failure>
  </testcase> <!-- regisTer -->
  <testcase classname="testcases.MyAccountModulTest" name="MyAccountModuleTest" time="0.4"/>
  <testcase classname="testcases.MyAccountModulTest" name="addressbook" time="0.907"/>
  <testcase classname="testcases.MyAccountModulTest" name="editinformation" time="0.085">
    <failure type="java.lang.AssertionError" message="expected [Modify your address book entries] but found [Edit your account information]">
      <![CDATA[java.lang.AssertionError: expected [Modify your address book entries] but found [Edit your account information]
at testcases.MyAccountModulTest.editinformation(MyAccountModulTest.java:25)
at java.base/java.util.concurrent.ThreadPoolExecutor.runWorker(ThreadPoolExecutor.java:1136)
at java.base/java.util.concurrent.ThreadPoolExecutor$Worker.run(ThreadPoolExecutor.java:635)
at java.base/java.lang.Thread.run(Thread.java:833)
... Removed 18 stack frames]]>
    </failure>
  </testcase> <!-- editinformation -->
  <testcase classname="testcases.DashBoardTest" name="camera" time="1.641"/>
  <testcase classname="testcases.MyAccountModulTest" name="wishlist" time="0.698"/>
  <testcase classname="testcases.NewsletterTest" name="newsletter" time="0.475"/>
  <testcase classname="testcases.NewsletterTest" name="subscribeUnsuscribe" time="0.597"/>
  <testcase classname="testcases.LogInPageTest" name="LogInPager" time="3.312"/>
  <testcase classname="testcases.LogInPageTest" name="cameras" time="3.276"/>
  <testcase classname="testcases.LogInPageTest" name="components" time="3.128"/>
  <testcase classname="testcases.NewsletterTest" name="subscribeclick" time="7.19"/>
  <testcase classname="testcases.NewsletterTest" name="unsuscribe" time="0.328">
    <failure type="java.lang.AssertionError" message="expected [Subscribe / unsubscribe to newslette] but found [Subscribe / unsubscribe to newsletter]">
      <![CDATA[java.lang.AssertionError: expected [Subscribe / unsubscribe to newslette] but found [Subscribe / unsubscribe to newsletter]
at testcases.NewsletterTest.unsuscribe(NewsletterTest.java:31)
at java.base/java.util.concurrent.ThreadPoolExecutor.runWorker(ThreadPoolExecutor.java:1136)
at java.base/java.util.concurrent.ThreadPoolExecutor$Worker.run(ThreadPoolExecutor.java:635)
at java.base/java.lang.Thread.run(Thread.java:833)
... Removed 18 stack frames]]>
    </failure>
  </testcase> <!-- unsuscribe -->
  <testcase classname="testcases.LogInPageTest" name="desktopButto" time="3.079"/>
  <testcase classname="testcases.LogInPageTest" name="laptopsandNotebooks" time="3.076"/>
  <testcase classname="testcases.MyOrdersTest" name="MyOrder" time="0.056"/>
  <testcase classname="testcases.MyOrdersTest" name="download" time="0.179"/>
  <testcase classname="testcases.MyOrdersTest" name="recurringPayment" time="0.139"/>
  <testcase classname="testcases.MyOrdersTest" name="viewYourReturnReque" time="0.105">
    <failure type="java.lang.AssertionError" message="expected [viewYourReturnRequest] but found [View your return requests]">
      <![CDATA[java.lang.AssertionError: expected [viewYourReturnRequest] but found [View your return requests]
at testcases.MyOrdersTest.viewYourReturnReque(MyOrdersTest.java:72)
at java.base/java.util.concurrent.ThreadPoolExecutor.runWorker(ThreadPoolExecutor.java:1136)
at java.base/java.util.concurrent.ThreadPoolExecutor$Worker.run(ThreadPoolExecutor.java:635)
at java.base/java.lang.Thread.run(Thread.java:833)
... Removed 18 stack frames]]>
    </failure>
  </testcase> <!-- viewYourReturnReque -->
  <testcase classname="testcases.MyOrdersTest" name="viewYourReturnRequest" time="0.11"/>
  <testcase classname="testcases.MyOrdersTest" name="viewyourorderhis" time="0.099"/>
  <testcase classname="testcases.MyOrdersTest" name="yourRewardPoint" time="0.115"/>
  <testcase classname="testcases.MyOrdersTest" name="yourTransactions" time="0.107"/>
  <testcase classname="testcases.LogInPageTest" name="mp3Players" time="3.194"/>
  <testcase classname="testcases.LogInPageTest" name="phonesandPdas" time="3.115"/>
  <testcase classname="testcases.LogInPageTest" name="software" time="0.031">
    <failure type="java.lang.AssertionError" message="expected [true] but found [false]">
      <![CDATA[java.lang.AssertionError: expected [true] but found [false]
at testcases.LogInPageTest.software(LogInPageTest.java:59)
at java.base/java.util.concurrent.ThreadPoolExecutor.runWorker(ThreadPoolExecutor.java:1136)
at java.base/java.util.concurrent.ThreadPoolExecutor$Worker.run(ThreadPoolExecutor.java:635)
at java.base/java.lang.Thread.run(Thread.java:833)
... Removed 16 stack frames]]>
    </failure>
  </testcase> <!-- software -->
  <testcase classname="testcases.LogInPageTest" name="tablets" time="0.028">
    <failure type="java.lang.AssertionError" message="expected [true] but found [false]">
      <![CDATA[java.lang.AssertionError: expected [true] but found [false]
at testcases.LogInPageTest.tablets(LogInPageTest.java:52)
at java.base/java.util.concurrent.ThreadPoolExecutor.runWorker(ThreadPoolExecutor.java:1136)
at java.base/java.util.concurrent.ThreadPoolExecutor$Worker.run(ThreadPoolExecutor.java:635)
at java.base/java.lang.Thread.run(Thread.java:833)
... Removed 16 stack frames]]>
    </failure>
  </testcase> <!-- tablets -->
</testsuite> <!-- LimbyaNayak -->
