<html>
<head>
<title>TestNG:  LimbyaNayak</title>
<link href="../testng.css" rel="stylesheet" type="text/css" />
<link href="../my-testng.css" rel="stylesheet" type="text/css" />

<style type="text/css">
.log { display: none;} 
.stack-trace { display: none;} 
</style>
<script type="text/javascript">
<!--
function flip(e) {
  current = e.style.display;
  if (current == 'block') {
    e.style.display = 'none';
    return 0;
  }
  else {
    e.style.display = 'block';
    return 1;
  }
}

function toggleBox(szDivId, elem, msg1, msg2)
{
  var res = -1;  if (document.getElementById) {
    res = flip(document.getElementById(szDivId));
  }
  else if (document.all) {
    // this is the way old msie versions work
    res = flip(document.all[szDivId]);
  }
  if(elem) {
    if(res == 0) elem.innerHTML = msg1; else elem.innerHTML = msg2;
  }

}

function toggleAllBoxes() {
  if (document.getElementsByTagName) {
    d = document.getElementsByTagName('div');
    for (i = 0; i < d.length; i++) {
      if (d[i].className == 'log') {
        flip(d[i]);
      }
    }
  }
}

// -->
</script>

</head>
<body>
<h2 align='center'>LimbyaNayak</h2><table border='1' align="center">
<tr>
<td>Tests passed/Failed/Skipped:</td><td>22/6/0</td>
</tr><tr>
<td>Started on:</td><td>Wed Jun 07 20:34:21 IST 2023</td>
</tr>
<tr><td>Total time:</td><td>61 seconds (61238 ms)</td>
</tr><tr>
<td>Included groups:</td><td></td>
</tr><tr>
<td>Excluded groups:</td><td></td>
</tr>
</table><p/>
<small><i>(Hover the method name to see the test class name)</i></small><p/>
<table width='100%' border='1' class='invocation-failed'>
<tr><td colspan='4' align='center'><b>FAILED TESTS</b></td></tr>
<tr><td><b>Test method</b></td>
<td><b>Attribute(s)</b></td>
<td width="30%"><b>Exception</b></td>
<td width="10%"><b>Time (seconds)</b></td>
<td><b>Instance</b></td>
</tr>
<tr>
<td title='testcases.LogInPageTest.tablets()'><b>tablets</b><br>Test class: testcases.LogInPageTest</td>
<td><div><pre>java.lang.AssertionError: expected [true] but found [false]
	at testcases.LogInPageTest.tablets(LogInPageTest.java:52)
	at java.base/java.util.concurrent.ThreadPoolExecutor.runWorker(ThreadPoolExecutor.java:1136)
	at java.base/java.util.concurrent.ThreadPoolExecutor$Worker.run(ThreadPoolExecutor.java:635)
	at java.base/java.lang.Thread.run(Thread.java:833)
... Removed 16 stack frames</pre></div><a href='#' onClick='toggleBox("stack-trace283220201", this, "Click to show all stack frames", "Click to hide stack frames")'>Click to show all stack frames</a>
<div class='stack-trace' id='stack-trace283220201'><pre>java.lang.AssertionError: expected [true] but found [false]
	at org.testng.Assert.fail(Assert.java:110)
	at org.testng.Assert.failNotEquals(Assert.java:1577)
	at org.testng.Assert.assertTrue(Assert.java:56)
	at org.testng.Assert.assertTrue(Assert.java:66)
	at testcases.LogInPageTest.tablets(LogInPageTest.java:52)
	at java.base/jdk.internal.reflect.NativeMethodAccessorImpl.invoke0(Native Method)
	at java.base/jdk.internal.reflect.NativeMethodAccessorImpl.invoke(NativeMethodAccessorImpl.java:77)
	at java.base/jdk.internal.reflect.DelegatingMethodAccessorImpl.invoke(DelegatingMethodAccessorImpl.java:43)
	at java.base/java.lang.reflect.Method.invoke(Method.java:568)
	at org.testng.internal.invokers.MethodInvocationHelper.invokeMethod(MethodInvocationHelper.java:139)
	at org.testng.internal.invokers.TestInvoker.invokeMethod(TestInvoker.java:677)
	at org.testng.internal.invokers.TestInvoker.invokeTestMethod(TestInvoker.java:221)
	at org.testng.internal.invokers.MethodRunner.runInSequence(MethodRunner.java:50)
	at org.testng.internal.invokers.TestInvoker$MethodInvocationAgent.invoke(TestInvoker.java:969)
	at org.testng.internal.invokers.TestInvoker.invokeTestMethods(TestInvoker.java:194)
	at org.testng.internal.invokers.TestMethodWorker.invokeTestMethods(TestMethodWorker.java:148)
	at org.testng.internal.invokers.TestMethodWorker.run(TestMethodWorker.java:128)
	at java.base/java.util.concurrent.ThreadPoolExecutor.runWorker(ThreadPoolExecutor.java:1136)
	at java.base/java.util.concurrent.ThreadPoolExecutor$Worker.run(ThreadPoolExecutor.java:635)
	at java.base/java.lang.Thread.run(Thread.java:833)
</pre></div></td>
<td>0</td>
<td>testcases.LogInPageTest@3c9c0d96</td></tr>
<tr>
<td title='testcases.NewsletterTest.unsuscribe()'><b>unsuscribe</b><br>Test class: testcases.NewsletterTest</td>
<td><div><pre>java.lang.AssertionError: expected [Subscribe / unsubscribe to newslette] but found [Subscribe / unsubscribe to newsletter]
	at testcases.NewsletterTest.unsuscribe(NewsletterTest.java:31)
	at java.base/java.util.concurrent.ThreadPoolExecutor.runWorker(ThreadPoolExecutor.java:1136)
	at java.base/java.util.concurrent.ThreadPoolExecutor$Worker.run(ThreadPoolExecutor.java:635)
	at java.base/java.lang.Thread.run(Thread.java:833)
... Removed 18 stack frames</pre></div><a href='#' onClick='toggleBox("stack-trace1842117109", this, "Click to show all stack frames", "Click to hide stack frames")'>Click to show all stack frames</a>
<div class='stack-trace' id='stack-trace1842117109'><pre>java.lang.AssertionError: expected [Subscribe / unsubscribe to newslette] but found [Subscribe / unsubscribe to newsletter]
	at org.testng.Assert.fail(Assert.java:110)
	at org.testng.Assert.failNotEquals(Assert.java:1577)
	at org.testng.Assert.assertEqualsImpl(Assert.java:149)
	at org.testng.Assert.assertEquals(Assert.java:131)
	at org.testng.Assert.assertEquals(Assert.java:655)
	at org.testng.Assert.assertEquals(Assert.java:665)
	at testcases.NewsletterTest.unsuscribe(NewsletterTest.java:31)
	at java.base/jdk.internal.reflect.NativeMethodAccessorImpl.invoke0(Native Method)
	at java.base/jdk.internal.reflect.NativeMethodAccessorImpl.invoke(NativeMethodAccessorImpl.java:77)
	at java.base/jdk.internal.reflect.DelegatingMethodAccessorImpl.invoke(DelegatingMethodAccessorImpl.java:43)
	at java.base/java.lang.reflect.Method.invoke(Method.java:568)
	at org.testng.internal.invokers.MethodInvocationHelper.invokeMethod(MethodInvocationHelper.java:139)
	at org.testng.internal.invokers.TestInvoker.invokeMethod(TestInvoker.java:677)
	at org.testng.internal.invokers.TestInvoker.invokeTestMethod(TestInvoker.java:221)
	at org.testng.internal.invokers.MethodRunner.runInSequence(MethodRunner.java:50)
	at org.testng.internal.invokers.TestInvoker$MethodInvocationAgent.invoke(TestInvoker.java:969)
	at org.testng.internal.invokers.TestInvoker.invokeTestMethods(TestInvoker.java:194)
	at org.testng.internal.invokers.TestMethodWorker.invokeTestMethods(TestMethodWorker.java:148)
	at org.testng.internal.invokers.TestMethodWorker.run(TestMethodWorker.java:128)
	at java.base/java.util.concurrent.ThreadPoolExecutor.runWorker(ThreadPoolExecutor.java:1136)
	at java.base/java.util.concurrent.ThreadPoolExecutor$Worker.run(ThreadPoolExecutor.java:635)
	at java.base/java.lang.Thread.run(Thread.java:833)
</pre></div></td>
<td>0</td>
<td>testcases.NewsletterTest@6eb2384f</td></tr>
<tr>
<td title='testcases.LogInPageTest.software()'><b>software</b><br>Test class: testcases.LogInPageTest</td>
<td><div><pre>java.lang.AssertionError: expected [true] but found [false]
	at testcases.LogInPageTest.software(LogInPageTest.java:59)
	at java.base/java.util.concurrent.ThreadPoolExecutor.runWorker(ThreadPoolExecutor.java:1136)
	at java.base/java.util.concurrent.ThreadPoolExecutor$Worker.run(ThreadPoolExecutor.java:635)
	at java.base/java.lang.Thread.run(Thread.java:833)
... Removed 16 stack frames</pre></div><a href='#' onClick='toggleBox("stack-trace1731599661", this, "Click to show all stack frames", "Click to hide stack frames")'>Click to show all stack frames</a>
<div class='stack-trace' id='stack-trace1731599661'><pre>java.lang.AssertionError: expected [true] but found [false]
	at org.testng.Assert.fail(Assert.java:110)
	at org.testng.Assert.failNotEquals(Assert.java:1577)
	at org.testng.Assert.assertTrue(Assert.java:56)
	at org.testng.Assert.assertTrue(Assert.java:66)
	at testcases.LogInPageTest.software(LogInPageTest.java:59)
	at java.base/jdk.internal.reflect.NativeMethodAccessorImpl.invoke0(Native Method)
	at java.base/jdk.internal.reflect.NativeMethodAccessorImpl.invoke(NativeMethodAccessorImpl.java:77)
	at java.base/jdk.internal.reflect.DelegatingMethodAccessorImpl.invoke(DelegatingMethodAccessorImpl.java:43)
	at java.base/java.lang.reflect.Method.invoke(Method.java:568)
	at org.testng.internal.invokers.MethodInvocationHelper.invokeMethod(MethodInvocationHelper.java:139)
	at org.testng.internal.invokers.TestInvoker.invokeMethod(TestInvoker.java:677)
	at org.testng.internal.invokers.TestInvoker.invokeTestMethod(TestInvoker.java:221)
	at org.testng.internal.invokers.MethodRunner.runInSequence(MethodRunner.java:50)
	at org.testng.internal.invokers.TestInvoker$MethodInvocationAgent.invoke(TestInvoker.java:969)
	at org.testng.internal.invokers.TestInvoker.invokeTestMethods(TestInvoker.java:194)
	at org.testng.internal.invokers.TestMethodWorker.invokeTestMethods(TestMethodWorker.java:148)
	at org.testng.internal.invokers.TestMethodWorker.run(TestMethodWorker.java:128)
	at java.base/java.util.concurrent.ThreadPoolExecutor.runWorker(ThreadPoolExecutor.java:1136)
	at java.base/java.util.concurrent.ThreadPoolExecutor$Worker.run(ThreadPoolExecutor.java:635)
	at java.base/java.lang.Thread.run(Thread.java:833)
</pre></div></td>
<td>0</td>
<td>testcases.LogInPageTest@3c9c0d96</td></tr>
<tr>
<td title='testcases.AffiliateTest.regisTer()'><b>regisTer</b><br>Test class: testcases.AffiliateTest</td>
<td><div><pre>java.lang.AssertionError: expected [Register for an affiliate accoun] but found [Register for an affiliate account]
	at testcases.AffiliateTest.regisTer(AffiliateTest.java:24)
	at java.base/java.util.concurrent.ThreadPoolExecutor.runWorker(ThreadPoolExecutor.java:1136)
	at java.base/java.util.concurrent.ThreadPoolExecutor$Worker.run(ThreadPoolExecutor.java:635)
	at java.base/java.lang.Thread.run(Thread.java:833)
... Removed 18 stack frames</pre></div><a href='#' onClick='toggleBox("stack-trace933653626", this, "Click to show all stack frames", "Click to hide stack frames")'>Click to show all stack frames</a>
<div class='stack-trace' id='stack-trace933653626'><pre>java.lang.AssertionError: expected [Register for an affiliate accoun] but found [Register for an affiliate account]
	at org.testng.Assert.fail(Assert.java:110)
	at org.testng.Assert.failNotEquals(Assert.java:1577)
	at org.testng.Assert.assertEqualsImpl(Assert.java:149)
	at org.testng.Assert.assertEquals(Assert.java:131)
	at org.testng.Assert.assertEquals(Assert.java:655)
	at org.testng.Assert.assertEquals(Assert.java:665)
	at testcases.AffiliateTest.regisTer(AffiliateTest.java:24)
	at java.base/jdk.internal.reflect.NativeMethodAccessorImpl.invoke0(Native Method)
	at java.base/jdk.internal.reflect.NativeMethodAccessorImpl.invoke(NativeMethodAccessorImpl.java:77)
	at java.base/jdk.internal.reflect.DelegatingMethodAccessorImpl.invoke(DelegatingMethodAccessorImpl.java:43)
	at java.base/java.lang.reflect.Method.invoke(Method.java:568)
	at org.testng.internal.invokers.MethodInvocationHelper.invokeMethod(MethodInvocationHelper.java:139)
	at org.testng.internal.invokers.TestInvoker.invokeMethod(TestInvoker.java:677)
	at org.testng.internal.invokers.TestInvoker.invokeTestMethod(TestInvoker.java:221)
	at org.testng.internal.invokers.MethodRunner.runInSequence(MethodRunner.java:50)
	at org.testng.internal.invokers.TestInvoker$MethodInvocationAgent.invoke(TestInvoker.java:969)
	at org.testng.internal.invokers.TestInvoker.invokeTestMethods(TestInvoker.java:194)
	at org.testng.internal.invokers.TestMethodWorker.invokeTestMethods(TestMethodWorker.java:148)
	at org.testng.internal.invokers.TestMethodWorker.run(TestMethodWorker.java:128)
	at java.base/java.util.concurrent.ThreadPoolExecutor.runWorker(ThreadPoolExecutor.java:1136)
	at java.base/java.util.concurrent.ThreadPoolExecutor$Worker.run(ThreadPoolExecutor.java:635)
	at java.base/java.lang.Thread.run(Thread.java:833)
</pre></div></td>
<td>0</td>
<td>testcases.AffiliateTest@73194df</td></tr>
<tr>
<td title='testcases.MyAccountModulTest.editinformation()'><b>editinformation</b><br>Test class: testcases.MyAccountModulTest</td>
<td><div><pre>java.lang.AssertionError: expected [Modify your address book entries] but found [Edit your account information]
	at testcases.MyAccountModulTest.editinformation(MyAccountModulTest.java:25)
	at java.base/java.util.concurrent.ThreadPoolExecutor.runWorker(ThreadPoolExecutor.java:1136)
	at java.base/java.util.concurrent.ThreadPoolExecutor$Worker.run(ThreadPoolExecutor.java:635)
	at java.base/java.lang.Thread.run(Thread.java:833)
... Removed 18 stack frames</pre></div><a href='#' onClick='toggleBox("stack-trace767984107", this, "Click to show all stack frames", "Click to hide stack frames")'>Click to show all stack frames</a>
<div class='stack-trace' id='stack-trace767984107'><pre>java.lang.AssertionError: expected [Modify your address book entries] but found [Edit your account information]
	at org.testng.Assert.fail(Assert.java:110)
	at org.testng.Assert.failNotEquals(Assert.java:1577)
	at org.testng.Assert.assertEqualsImpl(Assert.java:149)
	at org.testng.Assert.assertEquals(Assert.java:131)
	at org.testng.Assert.assertEquals(Assert.java:655)
	at org.testng.Assert.assertEquals(Assert.java:665)
	at testcases.MyAccountModulTest.editinformation(MyAccountModulTest.java:25)
	at java.base/jdk.internal.reflect.NativeMethodAccessorImpl.invoke0(Native Method)
	at java.base/jdk.internal.reflect.NativeMethodAccessorImpl.invoke(NativeMethodAccessorImpl.java:77)
	at java.base/jdk.internal.reflect.DelegatingMethodAccessorImpl.invoke(DelegatingMethodAccessorImpl.java:43)
	at java.base/java.lang.reflect.Method.invoke(Method.java:568)
	at org.testng.internal.invokers.MethodInvocationHelper.invokeMethod(MethodInvocationHelper.java:139)
	at org.testng.internal.invokers.TestInvoker.invokeMethod(TestInvoker.java:677)
	at org.testng.internal.invokers.TestInvoker.invokeTestMethod(TestInvoker.java:221)
	at org.testng.internal.invokers.MethodRunner.runInSequence(MethodRunner.java:50)
	at org.testng.internal.invokers.TestInvoker$MethodInvocationAgent.invoke(TestInvoker.java:969)
	at org.testng.internal.invokers.TestInvoker.invokeTestMethods(TestInvoker.java:194)
	at org.testng.internal.invokers.TestMethodWorker.invokeTestMethods(TestMethodWorker.java:148)
	at org.testng.internal.invokers.TestMethodWorker.run(TestMethodWorker.java:128)
	at java.base/java.util.concurrent.ThreadPoolExecutor.runWorker(ThreadPoolExecutor.java:1136)
	at java.base/java.util.concurrent.ThreadPoolExecutor$Worker.run(ThreadPoolExecutor.java:635)
	at java.base/java.lang.Thread.run(Thread.java:833)
</pre></div></td>
<td>0</td>
<td>testcases.MyAccountModulTest@32a68f4f</td></tr>
<tr>
<td title='testcases.MyOrdersTest.viewYourReturnReque()'><b>viewYourReturnReque</b><br>Test class: testcases.MyOrdersTest</td>
<td><div><pre>java.lang.AssertionError: expected [viewYourReturnRequest] but found [View your return requests]
	at testcases.MyOrdersTest.viewYourReturnReque(MyOrdersTest.java:72)
	at java.base/java.util.concurrent.ThreadPoolExecutor.runWorker(ThreadPoolExecutor.java:1136)
	at java.base/java.util.concurrent.ThreadPoolExecutor$Worker.run(ThreadPoolExecutor.java:635)
	at java.base/java.lang.Thread.run(Thread.java:833)
... Removed 18 stack frames</pre></div><a href='#' onClick='toggleBox("stack-trace389540921", this, "Click to show all stack frames", "Click to hide stack frames")'>Click to show all stack frames</a>
<div class='stack-trace' id='stack-trace389540921'><pre>java.lang.AssertionError: expected [viewYourReturnRequest] but found [View your return requests]
	at org.testng.Assert.fail(Assert.java:110)
	at org.testng.Assert.failNotEquals(Assert.java:1577)
	at org.testng.Assert.assertEqualsImpl(Assert.java:149)
	at org.testng.Assert.assertEquals(Assert.java:131)
	at org.testng.Assert.assertEquals(Assert.java:655)
	at org.testng.Assert.assertEquals(Assert.java:665)
	at testcases.MyOrdersTest.viewYourReturnReque(MyOrdersTest.java:72)
	at java.base/jdk.internal.reflect.NativeMethodAccessorImpl.invoke0(Native Method)
	at java.base/jdk.internal.reflect.NativeMethodAccessorImpl.invoke(NativeMethodAccessorImpl.java:77)
	at java.base/jdk.internal.reflect.DelegatingMethodAccessorImpl.invoke(DelegatingMethodAccessorImpl.java:43)
	at java.base/java.lang.reflect.Method.invoke(Method.java:568)
	at org.testng.internal.invokers.MethodInvocationHelper.invokeMethod(MethodInvocationHelper.java:139)
	at org.testng.internal.invokers.TestInvoker.invokeMethod(TestInvoker.java:677)
	at org.testng.internal.invokers.TestInvoker.invokeTestMethod(TestInvoker.java:221)
	at org.testng.internal.invokers.MethodRunner.runInSequence(MethodRunner.java:50)
	at org.testng.internal.invokers.TestInvoker$MethodInvocationAgent.invoke(TestInvoker.java:969)
	at org.testng.internal.invokers.TestInvoker.invokeTestMethods(TestInvoker.java:194)
	at org.testng.internal.invokers.TestMethodWorker.invokeTestMethods(TestMethodWorker.java:148)
	at org.testng.internal.invokers.TestMethodWorker.run(TestMethodWorker.java:128)
	at java.base/java.util.concurrent.ThreadPoolExecutor.runWorker(ThreadPoolExecutor.java:1136)
	at java.base/java.util.concurrent.ThreadPoolExecutor$Worker.run(ThreadPoolExecutor.java:635)
	at java.base/java.lang.Thread.run(Thread.java:833)
</pre></div></td>
<td>0</td>
<td>testcases.MyOrdersTest@3a4621bd</td></tr>
</table><p>
<table width='100%' border='1' class='invocation-passed'>
<tr><td colspan='4' align='center'><b>PASSED TESTS</b></td></tr>
<tr><td><b>Test method</b></td>
<td><b>Attribute(s)</b></td>
<td width="30%"><b>Exception</b></td>
<td width="10%"><b>Time (seconds)</b></td>
<td><b>Instance</b></td>
</tr>
<tr>
<td title='testcases.AffiliateTest.Affiliatei()'><b>Affiliatei</b><br>Test class: testcases.AffiliateTest</td>
<td></td>
<td>0</td>
<td>testcases.AffiliateTest@73194df</td></tr>
<tr>
<td title='testcases.LogInPageTest.desktopButto()'><b>desktopButto</b><br>Test class: testcases.LogInPageTest</td>
<td></td>
<td>3</td>
<td>testcases.LogInPageTest@3c9c0d96</td></tr>
<tr>
<td title='testcases.LogInPageTest.LogInPager()'><b>LogInPager</b><br>Test class: testcases.LogInPageTest</td>
<td></td>
<td>3</td>
<td>testcases.LogInPageTest@3c9c0d96</td></tr>
<tr>
<td title='testcases.MyOrdersTest.recurringPayment()'><b>recurringPayment</b><br>Test class: testcases.MyOrdersTest</td>
<td></td>
<td>0</td>
<td>testcases.MyOrdersTest@3a4621bd</td></tr>
<tr>
<td title='testcases.MyOrdersTest.viewYourReturnRequest()'><b>viewYourReturnRequest</b><br>Test class: testcases.MyOrdersTest</td>
<td></td>
<td>0</td>
<td>testcases.MyOrdersTest@3a4621bd</td></tr>
<tr>
<td title='testcases.MyOrdersTest.viewyourorderhis()'><b>viewyourorderhis</b><br>Test class: testcases.MyOrdersTest</td>
<td></td>
<td>0</td>
<td>testcases.MyOrdersTest@3a4621bd</td></tr>
<tr>
<td title='testcases.NewsletterTest.subscribeclick()'><b>subscribeclick</b><br>Test class: testcases.NewsletterTest</td>
<td></td>
<td>7</td>
<td>testcases.NewsletterTest@6eb2384f</td></tr>
<tr>
<td title='testcases.NewsletterTest.newsletter()'><b>newsletter</b><br>Test class: testcases.NewsletterTest</td>
<td></td>
<td>0</td>
<td>testcases.NewsletterTest@6eb2384f</td></tr>
<tr>
<td title='testcases.LogInPageTest.components()'><b>components</b><br>Test class: testcases.LogInPageTest</td>
<td></td>
<td>3</td>
<td>testcases.LogInPageTest@3c9c0d96</td></tr>
<tr>
<td title='testcases.MyAccountModulTest.wishlist()'><b>wishlist</b><br>Test class: testcases.MyAccountModulTest</td>
<td></td>
<td>0</td>
<td>testcases.MyAccountModulTest@32a68f4f</td></tr>
<tr>
<td title='testcases.MyAccountModulTest.addressbook()'><b>addressbook</b><br>Test class: testcases.MyAccountModulTest</td>
<td></td>
<td>0</td>
<td>testcases.MyAccountModulTest@32a68f4f</td></tr>
<tr>
<td title='testcases.LogInPageTest.cameras()'><b>cameras</b><br>Test class: testcases.LogInPageTest</td>
<td></td>
<td>3</td>
<td>testcases.LogInPageTest@3c9c0d96</td></tr>
<tr>
<td title='testcases.LogInPageTest.phonesandPdas()'><b>phonesandPdas</b><br>Test class: testcases.LogInPageTest</td>
<td></td>
<td>3</td>
<td>testcases.LogInPageTest@3c9c0d96</td></tr>
<tr>
<td title='testcases.MyOrdersTest.yourRewardPoint()'><b>yourRewardPoint</b><br>Test class: testcases.MyOrdersTest</td>
<td></td>
<td>0</td>
<td>testcases.MyOrdersTest@3a4621bd</td></tr>
<tr>
<td title='testcases.LogInPageTest.laptopsandNotebooks()'><b>laptopsandNotebooks</b><br>Test class: testcases.LogInPageTest</td>
<td></td>
<td>3</td>
<td>testcases.LogInPageTest@3c9c0d96</td></tr>
<tr>
<td title='testcases.MyOrdersTest.yourTransactions()'><b>yourTransactions</b><br>Test class: testcases.MyOrdersTest</td>
<td></td>
<td>0</td>
<td>testcases.MyOrdersTest@3a4621bd</td></tr>
<tr>
<td title='testcases.LogInPageTest.mp3Players()'><b>mp3Players</b><br>Test class: testcases.LogInPageTest</td>
<td></td>
<td>3</td>
<td>testcases.LogInPageTest@3c9c0d96</td></tr>
<tr>
<td title='testcases.DashBoardTest.camera()'><b>camera</b><br>Test class: testcases.DashBoardTest</td>
<td></td>
<td>1</td>
<td>testcases.DashBoardTest@b7c4869</td></tr>
<tr>
<td title='testcases.MyOrdersTest.download()'><b>download</b><br>Test class: testcases.MyOrdersTest</td>
<td></td>
<td>0</td>
<td>testcases.MyOrdersTest@3a4621bd</td></tr>
<tr>
<td title='testcases.NewsletterTest.subscribeUnsuscribe()'><b>subscribeUnsuscribe</b><br>Test class: testcases.NewsletterTest</td>
<td></td>
<td>0</td>
<td>testcases.NewsletterTest@6eb2384f</td></tr>
<tr>
<td title='testcases.MyAccountModulTest.MyAccountModuleTest()'><b>MyAccountModuleTest</b><br>Test class: testcases.MyAccountModulTest</td>
<td></td>
<td>0</td>
<td>testcases.MyAccountModulTest@32a68f4f</td></tr>
<tr>
<td title='testcases.MyOrdersTest.MyOrder()'><b>MyOrder</b><br>Test class: testcases.MyOrdersTest</td>
<td></td>
<td>0</td>
<td>testcases.MyOrdersTest@3a4621bd</td></tr>
</table><p>
</body>
</html>