<?xml version="1.0" encoding="UTF-8"?>
<!-- Generated by org.testng.reporters.JUnitXMLReporter -->
<testsuite ignored="1" hostname="IM-RT-LP-621" failures="1" tests="1" name="Test(failed)" time="17.289" errors="0" timestamp="2023-05-23T21:42:22 IST">
  <testcase classname="testcases.AffiliateTest" name="regisTer" time="0.177">
    <failure type="java.lang.AssertionError" message="expected [Register for an affiliate accoun] but found [Register for an affiliate account]">
      <![CDATA[java.lang.AssertionError: expected [Register for an affiliate accoun] but found [Register for an affiliate account]
at testcases.AffiliateTest.regisTer(AffiliateTest.java:24)
at java.base/java.util.concurrent.ThreadPoolExecutor.runWorker(ThreadPoolExecutor.java:1136)
at java.base/java.util.concurrent.ThreadPoolExecutor$Worker.run(ThreadPoolExecutor.java:635)
at java.base/java.lang.Thread.run(Thread.java:833)
... Removed 18 stack frames]]>
    </failure>
  </testcase> <!-- regisTer -->
  <testcase classname="testcases.AffiliateTest" name="Affiliatei" time="0.0">
    <ignored/>
  </testcase> <!-- Affiliatei -->
</testsuite> <!-- Test(failed) -->
