<?xml version="1.0" encoding="UTF-8"?>
<testng-results ignored="0" total="38" passed="32" failed="6" skipped="0">
  <reporter-output>
  </reporter-output>
  <suite started-at="2023-06-27T23:18:50 IST" name="Suite" finished-at="2023-06-27T23:20:39 IST" duration-ms="108865">
    <groups>
    </groups>
    <test started-at="2023-06-27T23:18:50 IST" name="Test" finished-at="2023-06-27T23:20:39 IST" duration-ms="108865">
      <class name="testcases.CameraTabTest">
        <test-method is-config="true" signature="openweb()[pri:0, instance:testcases.CameraTabTest@6e535154]" started-at="2023-06-27T23:19:31 IST" name="openweb" finished-at="2023-06-27T23:19:48 IST" duration-ms="16611" status="PASS">
          <reporter-output>
          </reporter-output>
        </test-method> <!-- openweb -->
        <test-method signature="cameraTab()[pri:0, instance:testcases.CameraTabTest@6e535154]" started-at="2023-06-27T23:19:48 IST" name="cameraTab" finished-at="2023-06-27T23:19:49 IST" duration-ms="1434" status="PASS">
          <reporter-output>
          </reporter-output>
        </test-method> <!-- cameraTab -->
        <test-method is-config="true" signature="close()[pri:0, instance:testcases.CameraTabTest@6e535154]" started-at="2023-06-27T23:19:49 IST" name="close" finished-at="2023-06-27T23:19:57 IST" duration-ms="7963" status="PASS">
          <reporter-output>
          </reporter-output>
        </test-method> <!-- close -->
      </class> <!-- testcases.CameraTabTest -->
      <class name="testcases.AffiliateTest">
        <test-method is-config="true" signature="openweb()[pri:0, instance:testcases.AffiliateTest@5b38c1ec]" started-at="2023-06-27T23:18:50 IST" name="openweb" finished-at="2023-06-27T23:19:28 IST" duration-ms="38011" status="PASS">
          <reporter-output>
          </reporter-output>
        </test-method> <!-- openweb -->
        <test-method signature="Affiliatei()[pri:0, instance:testcases.AffiliateTest@5b38c1ec]" started-at="2023-06-27T23:19:28 IST" name="Affiliatei" finished-at="2023-06-27T23:19:29 IST" duration-ms="373" status="PASS">
          <reporter-output>
          </reporter-output>
        </test-method> <!-- Affiliatei -->
        <test-method signature="regisTer()[pri:0, instance:testcases.AffiliateTest@5b38c1ec]" started-at="2023-06-27T23:19:29 IST" name="regisTer" finished-at="2023-06-27T23:19:29 IST" duration-ms="180" status="FAIL">
          <exception class="java.lang.AssertionError">
            <message>
              <![CDATA[expected [Register for an affiliate accoun] but found [Register for an affiliate account]]]>
            </message>
            <full-stacktrace>
              <![CDATA[java.lang.AssertionError: expected [Register for an affiliate accoun] but found [Register for an affiliate account]
at org.testng.Assert.fail(Assert.java:110)
at org.testng.Assert.failNotEquals(Assert.java:1577)
at org.testng.Assert.assertEqualsImpl(Assert.java:149)
at org.testng.Assert.assertEquals(Assert.java:131)
at org.testng.Assert.assertEquals(Assert.java:655)
at org.testng.Assert.assertEquals(Assert.java:665)
at testcases.AffiliateTest.regisTer(AffiliateTest.java:24)
at java.base/jdk.internal.reflect.NativeMethodAccessorImpl.invoke0(Native Method)
at java.base/jdk.internal.reflect.NativeMethodAccessorImpl.invoke(NativeMethodAccessorImpl.java:77)
at java.base/jdk.internal.reflect.DelegatingMethodAccessorImpl.invoke(DelegatingMethodAccessorImpl.java:43)
at java.base/java.lang.reflect.Method.invoke(Method.java:568)
at org.testng.internal.invokers.MethodInvocationHelper.invokeMethod(MethodInvocationHelper.java:139)
at org.testng.internal.invokers.TestInvoker.invokeMethod(TestInvoker.java:677)
at org.testng.internal.invokers.TestInvoker.invokeTestMethod(TestInvoker.java:221)
at org.testng.internal.invokers.MethodRunner.runInSequence(MethodRunner.java:50)
at org.testng.internal.invokers.TestInvoker$MethodInvocationAgent.invoke(TestInvoker.java:969)
at org.testng.internal.invokers.TestInvoker.invokeTestMethods(TestInvoker.java:194)
at org.testng.internal.invokers.TestMethodWorker.invokeTestMethods(TestMethodWorker.java:148)
at org.testng.internal.invokers.TestMethodWorker.run(TestMethodWorker.java:128)
at java.base/java.util.concurrent.ThreadPoolExecutor.runWorker(ThreadPoolExecutor.java:1136)
at java.base/java.util.concurrent.ThreadPoolExecutor$Worker.run(ThreadPoolExecutor.java:635)
at java.base/java.lang.Thread.run(Thread.java:833)
]]>
            </full-stacktrace>
          </exception> <!-- java.lang.AssertionError -->
          <reporter-output>
          </reporter-output>
        </test-method> <!-- regisTer -->
        <test-method is-config="true" signature="close()[pri:0, instance:testcases.AffiliateTest@5b38c1ec]" started-at="2023-06-27T23:19:29 IST" name="close" finished-at="2023-06-27T23:19:31 IST" duration-ms="2328" status="PASS">
          <reporter-output>
          </reporter-output>
        </test-method> <!-- close -->
      </class> <!-- testcases.AffiliateTest -->
      <class name="testcases.DashBoardTest">
        <test-method is-config="true" signature="openweb()[pri:0, instance:testcases.DashBoardTest@239a307b]" started-at="2023-06-27T23:18:50 IST" name="openweb" finished-at="2023-06-27T23:19:28 IST" duration-ms="37981" status="PASS">
          <reporter-output>
          </reporter-output>
        </test-method> <!-- openweb -->
        <test-method signature="camera()[pri:0, instance:testcases.DashBoardTest@239a307b]" started-at="2023-06-27T23:19:28 IST" name="camera" finished-at="2023-06-27T23:19:30 IST" duration-ms="1215" status="PASS">
          <reporter-output>
          </reporter-output>
        </test-method> <!-- camera -->
        <test-method is-config="true" signature="close()[pri:0, instance:testcases.DashBoardTest@239a307b]" started-at="2023-06-27T23:19:30 IST" name="close" finished-at="2023-06-27T23:19:31 IST" duration-ms="1739" status="PASS">
          <reporter-output>
          </reporter-output>
        </test-method> <!-- close -->
      </class> <!-- testcases.DashBoardTest -->
      <class name="testcases.MyAccountModulTest">
        <test-method is-config="true" signature="openweb()[pri:0, instance:testcases.MyAccountModulTest@15a34df2]" started-at="2023-06-27T23:18:50 IST" name="openweb" finished-at="2023-06-27T23:19:29 IST" duration-ms="38138" status="PASS">
          <reporter-output>
          </reporter-output>
        </test-method> <!-- openweb -->
        <test-method signature="MyAccountModuleTest()[pri:0, instance:testcases.MyAccountModulTest@15a34df2]" started-at="2023-06-27T23:19:29 IST" name="MyAccountModuleTest" finished-at="2023-06-27T23:19:29 IST" duration-ms="469" status="PASS">
          <reporter-output>
          </reporter-output>
        </test-method> <!-- MyAccountModuleTest -->
        <test-method signature="addressbook()[pri:0, instance:testcases.MyAccountModulTest@15a34df2]" started-at="2023-06-27T23:19:29 IST" name="addressbook" finished-at="2023-06-27T23:19:30 IST" duration-ms="464" status="PASS">
          <reporter-output>
          </reporter-output>
        </test-method> <!-- addressbook -->
        <test-method signature="editinformation()[pri:0, instance:testcases.MyAccountModulTest@15a34df2]" started-at="2023-06-27T23:19:30 IST" name="editinformation" finished-at="2023-06-27T23:19:30 IST" duration-ms="223" status="FAIL">
          <exception class="java.lang.AssertionError">
            <message>
              <![CDATA[expected [Modify your address book entries] but found [Edit your account information]]]>
            </message>
            <full-stacktrace>
              <![CDATA[java.lang.AssertionError: expected [Modify your address book entries] but found [Edit your account information]
at org.testng.Assert.fail(Assert.java:110)
at org.testng.Assert.failNotEquals(Assert.java:1577)
at org.testng.Assert.assertEqualsImpl(Assert.java:149)
at org.testng.Assert.assertEquals(Assert.java:131)
at org.testng.Assert.assertEquals(Assert.java:655)
at org.testng.Assert.assertEquals(Assert.java:665)
at testcases.MyAccountModulTest.editinformation(MyAccountModulTest.java:27)
at java.base/jdk.internal.reflect.NativeMethodAccessorImpl.invoke0(Native Method)
at java.base/jdk.internal.reflect.NativeMethodAccessorImpl.invoke(NativeMethodAccessorImpl.java:77)
at java.base/jdk.internal.reflect.DelegatingMethodAccessorImpl.invoke(DelegatingMethodAccessorImpl.java:43)
at java.base/java.lang.reflect.Method.invoke(Method.java:568)
at org.testng.internal.invokers.MethodInvocationHelper.invokeMethod(MethodInvocationHelper.java:139)
at org.testng.internal.invokers.TestInvoker.invokeMethod(TestInvoker.java:677)
at org.testng.internal.invokers.TestInvoker.invokeTestMethod(TestInvoker.java:221)
at org.testng.internal.invokers.MethodRunner.runInSequence(MethodRunner.java:50)
at org.testng.internal.invokers.TestInvoker$MethodInvocationAgent.invoke(TestInvoker.java:969)
at org.testng.internal.invokers.TestInvoker.invokeTestMethods(TestInvoker.java:194)
at org.testng.internal.invokers.TestMethodWorker.invokeTestMethods(TestMethodWorker.java:148)
at org.testng.internal.invokers.TestMethodWorker.run(TestMethodWorker.java:128)
at java.base/java.util.concurrent.ThreadPoolExecutor.runWorker(ThreadPoolExecutor.java:1136)
at java.base/java.util.concurrent.ThreadPoolExecutor$Worker.run(ThreadPoolExecutor.java:635)
at java.base/java.lang.Thread.run(Thread.java:833)
]]>
            </full-stacktrace>
          </exception> <!-- java.lang.AssertionError -->
          <reporter-output>
          </reporter-output>
        </test-method> <!-- editinformation -->
        <test-method signature="wishlist()[pri:0, instance:testcases.MyAccountModulTest@15a34df2]" started-at="2023-06-27T23:19:30 IST" name="wishlist" finished-at="2023-06-27T23:19:31 IST" duration-ms="765" status="PASS">
          <reporter-output>
          </reporter-output>
        </test-method> <!-- wishlist -->
        <test-method is-config="true" signature="close()[pri:0, instance:testcases.MyAccountModulTest@15a34df2]" started-at="2023-06-27T23:19:31 IST" name="close" finished-at="2023-06-27T23:19:35 IST" duration-ms="4527" status="PASS">
          <reporter-output>
          </reporter-output>
        </test-method> <!-- close -->
      </class> <!-- testcases.MyAccountModulTest -->
      <class name="testcases.IphoneBuyTest">
        <test-method is-config="true" signature="openweb()[pri:0, instance:testcases.IphoneBuyTest@4722ef0c]" started-at="2023-06-27T23:19:35 IST" name="openweb" finished-at="2023-06-27T23:20:03 IST" duration-ms="27564" status="PASS">
          <reporter-output>
          </reporter-output>
        </test-method> <!-- openweb -->
        <test-method signature="Search()[pri:1, instance:testcases.IphoneBuyTest@4722ef0c]" started-at="2023-06-27T23:20:03 IST" name="Search" finished-at="2023-06-27T23:20:06 IST" duration-ms="3337" status="PASS">
          <reporter-output>
          </reporter-output>
        </test-method> <!-- Search -->
        <test-method signature="ClickOnSearch()[pri:2, instance:testcases.IphoneBuyTest@4722ef0c]" started-at="2023-06-27T23:20:06 IST" name="ClickOnSearch" finished-at="2023-06-27T23:20:09 IST" duration-ms="3542" status="PASS">
          <reporter-output>
          </reporter-output>
        </test-method> <!-- ClickOnSearch -->
        <test-method signature="iPhonetab()[pri:3, instance:testcases.IphoneBuyTest@4722ef0c]" started-at="2023-06-27T23:20:09 IST" name="iPhonetab" finished-at="2023-06-27T23:20:14 IST" duration-ms="4062" status="PASS">
          <reporter-output>
          </reporter-output>
        </test-method> <!-- iPhonetab -->
        <test-method signature="previewOfIphone()[pri:4, instance:testcases.IphoneBuyTest@4722ef0c]" started-at="2023-06-27T23:20:14 IST" name="previewOfIphone" finished-at="2023-06-27T23:20:17 IST" duration-ms="3339" status="PASS">
          <reporter-output>
          </reporter-output>
        </test-method> <!-- previewOfIphone -->
        <test-method signature="clickNextButton()[pri:5, instance:testcases.IphoneBuyTest@4722ef0c]" started-at="2023-06-27T23:20:17 IST" name="clickNextButton" finished-at="2023-06-27T23:20:28 IST" duration-ms="10694" status="PASS">
          <reporter-output>
          </reporter-output>
        </test-method> <!-- clickNextButton -->
        <test-method signature="closePriviewbutton()[pri:6, instance:testcases.IphoneBuyTest@4722ef0c]" started-at="2023-06-27T23:20:28 IST" name="closePriviewbutton" finished-at="2023-06-27T23:20:31 IST" duration-ms="3178" status="PASS">
          <reporter-output>
          </reporter-output>
        </test-method> <!-- closePriviewbutton -->
        <test-method signature="AddToCart()[pri:7, instance:testcases.IphoneBuyTest@4722ef0c]" started-at="2023-06-27T23:20:31 IST" name="AddToCart" finished-at="2023-06-27T23:20:33 IST" duration-ms="2269" status="PASS">
          <reporter-output>
          </reporter-output>
        </test-method> <!-- AddToCart -->
        <test-method signature="cart()[pri:8, instance:testcases.IphoneBuyTest@4722ef0c]" started-at="2023-06-27T23:20:33 IST" name="cart" finished-at="2023-06-27T23:20:35 IST" duration-ms="2249" status="PASS">
          <reporter-output>
          </reporter-output>
        </test-method> <!-- cart -->
        <test-method signature="buyProduct()[pri:9, instance:testcases.IphoneBuyTest@4722ef0c]" started-at="2023-06-27T23:20:35 IST" name="buyProduct" finished-at="2023-06-27T23:20:38 IST" duration-ms="3051" status="PASS">
          <reporter-output>
          </reporter-output>
        </test-method> <!-- buyProduct -->
        <test-method is-config="true" signature="close()[pri:0, instance:testcases.IphoneBuyTest@4722ef0c]" started-at="2023-06-27T23:20:38 IST" name="close" finished-at="2023-06-27T23:20:39 IST" duration-ms="820" status="PASS">
          <reporter-output>
          </reporter-output>
        </test-method> <!-- close -->
      </class> <!-- testcases.IphoneBuyTest -->
      <class name="testcases.NewsletterTest">
        <test-method is-config="true" signature="openweb()[pri:0, instance:testcases.NewsletterTest@338fc1d8]" started-at="2023-06-27T23:19:31 IST" name="openweb" finished-at="2023-06-27T23:19:50 IST" duration-ms="18690" status="PASS">
          <reporter-output>
          </reporter-output>
        </test-method> <!-- openweb -->
        <test-method signature="newsletter()[pri:0, instance:testcases.NewsletterTest@338fc1d8]" started-at="2023-06-27T23:19:50 IST" name="newsletter" finished-at="2023-06-27T23:19:51 IST" duration-ms="640" status="PASS">
          <reporter-output>
          </reporter-output>
        </test-method> <!-- newsletter -->
        <test-method signature="subscribeUnsuscribe()[pri:0, instance:testcases.NewsletterTest@338fc1d8]" started-at="2023-06-27T23:19:51 IST" name="subscribeUnsuscribe" finished-at="2023-06-27T23:19:51 IST" duration-ms="228" status="PASS">
          <reporter-output>
          </reporter-output>
        </test-method> <!-- subscribeUnsuscribe -->
        <test-method signature="subscribeclick()[pri:0, instance:testcases.NewsletterTest@338fc1d8]" started-at="2023-06-27T23:19:51 IST" name="subscribeclick" finished-at="2023-06-27T23:19:58 IST" duration-ms="7279" status="PASS">
          <reporter-output>
          </reporter-output>
        </test-method> <!-- subscribeclick -->
        <test-method signature="unsuscribe()[pri:0, instance:testcases.NewsletterTest@338fc1d8]" started-at="2023-06-27T23:19:58 IST" name="unsuscribe" finished-at="2023-06-27T23:19:59 IST" duration-ms="305" status="FAIL">
          <exception class="java.lang.AssertionError">
            <message>
              <![CDATA[expected [Subscribe / unsubscribe to newslette] but found [Subscribe / unsubscribe to newsletter]]]>
            </message>
            <full-stacktrace>
              <![CDATA[java.lang.AssertionError: expected [Subscribe / unsubscribe to newslette] but found [Subscribe / unsubscribe to newsletter]
at org.testng.Assert.fail(Assert.java:110)
at org.testng.Assert.failNotEquals(Assert.java:1577)
at org.testng.Assert.assertEqualsImpl(Assert.java:149)
at org.testng.Assert.assertEquals(Assert.java:131)
at org.testng.Assert.assertEquals(Assert.java:655)
at org.testng.Assert.assertEquals(Assert.java:665)
at testcases.NewsletterTest.unsuscribe(NewsletterTest.java:31)
at java.base/jdk.internal.reflect.NativeMethodAccessorImpl.invoke0(Native Method)
at java.base/jdk.internal.reflect.NativeMethodAccessorImpl.invoke(NativeMethodAccessorImpl.java:77)
at java.base/jdk.internal.reflect.DelegatingMethodAccessorImpl.invoke(DelegatingMethodAccessorImpl.java:43)
at java.base/java.lang.reflect.Method.invoke(Method.java:568)
at org.testng.internal.invokers.MethodInvocationHelper.invokeMethod(MethodInvocationHelper.java:139)
at org.testng.internal.invokers.TestInvoker.invokeMethod(TestInvoker.java:677)
at org.testng.internal.invokers.TestInvoker.invokeTestMethod(TestInvoker.java:221)
at org.testng.internal.invokers.MethodRunner.runInSequence(MethodRunner.java:50)
at org.testng.internal.invokers.TestInvoker$MethodInvocationAgent.invoke(TestInvoker.java:969)
at org.testng.internal.invokers.TestInvoker.invokeTestMethods(TestInvoker.java:194)
at org.testng.internal.invokers.TestMethodWorker.invokeTestMethods(TestMethodWorker.java:148)
at org.testng.internal.invokers.TestMethodWorker.run(TestMethodWorker.java:128)
at java.base/java.util.concurrent.ThreadPoolExecutor.runWorker(ThreadPoolExecutor.java:1136)
at java.base/java.util.concurrent.ThreadPoolExecutor$Worker.run(ThreadPoolExecutor.java:635)
at java.base/java.lang.Thread.run(Thread.java:833)
]]>
            </full-stacktrace>
          </exception> <!-- java.lang.AssertionError -->
          <reporter-output>
          </reporter-output>
        </test-method> <!-- unsuscribe -->
        <test-method is-config="true" signature="close()[pri:0, instance:testcases.NewsletterTest@338fc1d8]" started-at="2023-06-27T23:19:59 IST" name="close" finished-at="2023-06-27T23:20:03 IST" duration-ms="4150" status="PASS">
          <reporter-output>
          </reporter-output>
        </test-method> <!-- close -->
      </class> <!-- testcases.NewsletterTest -->
      <class name="testcases.LogInPageTest">
        <test-method is-config="true" signature="openweb()[pri:0, instance:testcases.LogInPageTest@48e1f6c7]" started-at="2023-06-27T23:18:50 IST" name="openweb" finished-at="2023-06-27T23:19:28 IST" duration-ms="37826" status="PASS">
          <reporter-output>
          </reporter-output>
        </test-method> <!-- openweb -->
        <test-method signature="LogInPager()[pri:0, instance:testcases.LogInPageTest@48e1f6c7]" started-at="2023-06-27T23:19:28 IST" name="LogInPager" finished-at="2023-06-27T23:19:32 IST" duration-ms="3551" status="PASS">
          <reporter-output>
          </reporter-output>
        </test-method> <!-- LogInPager -->
        <test-method signature="cameras()[pri:0, instance:testcases.LogInPageTest@48e1f6c7]" started-at="2023-06-27T23:19:32 IST" name="cameras" finished-at="2023-06-27T23:19:35 IST" duration-ms="3216" status="PASS">
          <reporter-output>
          </reporter-output>
        </test-method> <!-- cameras -->
        <test-method signature="components()[pri:0, instance:testcases.LogInPageTest@48e1f6c7]" started-at="2023-06-27T23:19:35 IST" name="components" finished-at="2023-06-27T23:19:39 IST" duration-ms="4024" status="PASS">
          <reporter-output>
          </reporter-output>
        </test-method> <!-- components -->
        <test-method signature="desktopButto()[pri:0, instance:testcases.LogInPageTest@48e1f6c7]" started-at="2023-06-27T23:19:39 IST" name="desktopButto" finished-at="2023-06-27T23:19:42 IST" duration-ms="3301" status="PASS">
          <reporter-output>
          </reporter-output>
        </test-method> <!-- desktopButto -->
        <test-method signature="laptopsandNotebooks()[pri:0, instance:testcases.LogInPageTest@48e1f6c7]" started-at="2023-06-27T23:19:42 IST" name="laptopsandNotebooks" finished-at="2023-06-27T23:19:46 IST" duration-ms="3155" status="PASS">
          <reporter-output>
          </reporter-output>
        </test-method> <!-- laptopsandNotebooks -->
        <test-method signature="mp3Players()[pri:0, instance:testcases.LogInPageTest@48e1f6c7]" started-at="2023-06-27T23:19:46 IST" name="mp3Players" finished-at="2023-06-27T23:19:49 IST" duration-ms="3277" status="PASS">
          <reporter-output>
          </reporter-output>
        </test-method> <!-- mp3Players -->
        <test-method signature="phonesandPdas()[pri:0, instance:testcases.LogInPageTest@48e1f6c7]" started-at="2023-06-27T23:19:49 IST" name="phonesandPdas" finished-at="2023-06-27T23:19:52 IST" duration-ms="3271" status="PASS">
          <reporter-output>
          </reporter-output>
        </test-method> <!-- phonesandPdas -->
        <test-method signature="software()[pri:0, instance:testcases.LogInPageTest@48e1f6c7]" started-at="2023-06-27T23:19:52 IST" name="software" finished-at="2023-06-27T23:19:53 IST" duration-ms="503" status="FAIL">
          <exception class="java.lang.AssertionError">
            <message>
              <![CDATA[expected [true] but found [false]]]>
            </message>
            <full-stacktrace>
              <![CDATA[java.lang.AssertionError: expected [true] but found [false]
at org.testng.Assert.fail(Assert.java:110)
at org.testng.Assert.failNotEquals(Assert.java:1577)
at org.testng.Assert.assertTrue(Assert.java:56)
at org.testng.Assert.assertTrue(Assert.java:66)
at testcases.LogInPageTest.software(LogInPageTest.java:58)
at java.base/jdk.internal.reflect.NativeMethodAccessorImpl.invoke0(Native Method)
at java.base/jdk.internal.reflect.NativeMethodAccessorImpl.invoke(NativeMethodAccessorImpl.java:77)
at java.base/jdk.internal.reflect.DelegatingMethodAccessorImpl.invoke(DelegatingMethodAccessorImpl.java:43)
at java.base/java.lang.reflect.Method.invoke(Method.java:568)
at org.testng.internal.invokers.MethodInvocationHelper.invokeMethod(MethodInvocationHelper.java:139)
at org.testng.internal.invokers.TestInvoker.invokeMethod(TestInvoker.java:677)
at org.testng.internal.invokers.TestInvoker.invokeTestMethod(TestInvoker.java:221)
at org.testng.internal.invokers.MethodRunner.runInSequence(MethodRunner.java:50)
at org.testng.internal.invokers.TestInvoker$MethodInvocationAgent.invoke(TestInvoker.java:969)
at org.testng.internal.invokers.TestInvoker.invokeTestMethods(TestInvoker.java:194)
at org.testng.internal.invokers.TestMethodWorker.invokeTestMethods(TestMethodWorker.java:148)
at org.testng.internal.invokers.TestMethodWorker.run(TestMethodWorker.java:128)
at java.base/java.util.concurrent.ThreadPoolExecutor.runWorker(ThreadPoolExecutor.java:1136)
at java.base/java.util.concurrent.ThreadPoolExecutor$Worker.run(ThreadPoolExecutor.java:635)
at java.base/java.lang.Thread.run(Thread.java:833)
]]>
            </full-stacktrace>
          </exception> <!-- java.lang.AssertionError -->
          <reporter-output>
          </reporter-output>
        </test-method> <!-- software -->
        <test-method signature="tablets()[pri:0, instance:testcases.LogInPageTest@48e1f6c7]" started-at="2023-06-27T23:19:53 IST" name="tablets" finished-at="2023-06-27T23:19:53 IST" duration-ms="470" status="FAIL">
          <exception class="java.lang.AssertionError">
            <message>
              <![CDATA[expected [true] but found [false]]]>
            </message>
            <full-stacktrace>
              <![CDATA[java.lang.AssertionError: expected [true] but found [false]
at org.testng.Assert.fail(Assert.java:110)
at org.testng.Assert.failNotEquals(Assert.java:1577)
at org.testng.Assert.assertTrue(Assert.java:56)
at org.testng.Assert.assertTrue(Assert.java:66)
at testcases.LogInPageTest.tablets(LogInPageTest.java:51)
at java.base/jdk.internal.reflect.NativeMethodAccessorImpl.invoke0(Native Method)
at java.base/jdk.internal.reflect.NativeMethodAccessorImpl.invoke(NativeMethodAccessorImpl.java:77)
at java.base/jdk.internal.reflect.DelegatingMethodAccessorImpl.invoke(DelegatingMethodAccessorImpl.java:43)
at java.base/java.lang.reflect.Method.invoke(Method.java:568)
at org.testng.internal.invokers.MethodInvocationHelper.invokeMethod(MethodInvocationHelper.java:139)
at org.testng.internal.invokers.TestInvoker.invokeMethod(TestInvoker.java:677)
at org.testng.internal.invokers.TestInvoker.invokeTestMethod(TestInvoker.java:221)
at org.testng.internal.invokers.MethodRunner.runInSequence(MethodRunner.java:50)
at org.testng.internal.invokers.TestInvoker$MethodInvocationAgent.invoke(TestInvoker.java:969)
at org.testng.internal.invokers.TestInvoker.invokeTestMethods(TestInvoker.java:194)
at org.testng.internal.invokers.TestMethodWorker.invokeTestMethods(TestMethodWorker.java:148)
at org.testng.internal.invokers.TestMethodWorker.run(TestMethodWorker.java:128)
at java.base/java.util.concurrent.ThreadPoolExecutor.runWorker(ThreadPoolExecutor.java:1136)
at java.base/java.util.concurrent.ThreadPoolExecutor$Worker.run(ThreadPoolExecutor.java:635)
at java.base/java.lang.Thread.run(Thread.java:833)
]]>
            </full-stacktrace>
          </exception> <!-- java.lang.AssertionError -->
          <reporter-output>
          </reporter-output>
        </test-method> <!-- tablets -->
        <test-method is-config="true" signature="close()[pri:0, instance:testcases.LogInPageTest@48e1f6c7]" started-at="2023-06-27T23:19:53 IST" name="close" finished-at="2023-06-27T23:19:57 IST" duration-ms="4320" status="PASS">
          <reporter-output>
          </reporter-output>
        </test-method> <!-- close -->
      </class> <!-- testcases.LogInPageTest -->
      <class name="testcases.MyOrdersTest">
        <test-method is-config="true" signature="openweb()[pri:0, instance:testcases.MyOrdersTest@55cb6996]" started-at="2023-06-27T23:18:50 IST" name="openweb" finished-at="2023-06-27T23:19:28 IST" duration-ms="37988" status="PASS">
          <reporter-output>
          </reporter-output>
        </test-method> <!-- openweb -->
        <test-method signature="MyOrder()[pri:0, instance:testcases.MyOrdersTest@55cb6996]" started-at="2023-06-27T23:19:28 IST" name="MyOrder" finished-at="2023-06-27T23:19:29 IST" duration-ms="408" status="PASS">
          <reporter-output>
          </reporter-output>
        </test-method> <!-- MyOrder -->
        <test-method signature="download()[pri:0, instance:testcases.MyOrdersTest@55cb6996]" started-at="2023-06-27T23:19:29 IST" name="download" finished-at="2023-06-27T23:19:29 IST" duration-ms="294" status="PASS">
          <reporter-output>
          </reporter-output>
        </test-method> <!-- download -->
        <test-method signature="recurringPayment()[pri:0, instance:testcases.MyOrdersTest@55cb6996]" started-at="2023-06-27T23:19:29 IST" name="recurringPayment" finished-at="2023-06-27T23:19:29 IST" duration-ms="201" status="PASS">
          <reporter-output>
          </reporter-output>
        </test-method> <!-- recurringPayment -->
        <test-method signature="viewYourReturnReque()[pri:0, instance:testcases.MyOrdersTest@55cb6996]" started-at="2023-06-27T23:19:29 IST" name="viewYourReturnReque" finished-at="2023-06-27T23:19:30 IST" duration-ms="239" status="FAIL">
          <exception class="java.lang.AssertionError">
            <message>
              <![CDATA[expected [viewYourReturnRequest] but found [View your return requests]]]>
            </message>
            <full-stacktrace>
              <![CDATA[java.lang.AssertionError: expected [viewYourReturnRequest] but found [View your return requests]
at org.testng.Assert.fail(Assert.java:110)
at org.testng.Assert.failNotEquals(Assert.java:1577)
at org.testng.Assert.assertEqualsImpl(Assert.java:149)
at org.testng.Assert.assertEquals(Assert.java:131)
at org.testng.Assert.assertEquals(Assert.java:655)
at org.testng.Assert.assertEquals(Assert.java:665)
at testcases.MyOrdersTest.viewYourReturnReque(MyOrdersTest.java:72)
at java.base/jdk.internal.reflect.NativeMethodAccessorImpl.invoke0(Native Method)
at java.base/jdk.internal.reflect.NativeMethodAccessorImpl.invoke(NativeMethodAccessorImpl.java:77)
at java.base/jdk.internal.reflect.DelegatingMethodAccessorImpl.invoke(DelegatingMethodAccessorImpl.java:43)
at java.base/java.lang.reflect.Method.invoke(Method.java:568)
at org.testng.internal.invokers.MethodInvocationHelper.invokeMethod(MethodInvocationHelper.java:139)
at org.testng.internal.invokers.TestInvoker.invokeMethod(TestInvoker.java:677)
at org.testng.internal.invokers.TestInvoker.invokeTestMethod(TestInvoker.java:221)
at org.testng.internal.invokers.MethodRunner.runInSequence(MethodRunner.java:50)
at org.testng.internal.invokers.TestInvoker$MethodInvocationAgent.invoke(TestInvoker.java:969)
at org.testng.internal.invokers.TestInvoker.invokeTestMethods(TestInvoker.java:194)
at org.testng.internal.invokers.TestMethodWorker.invokeTestMethods(TestMethodWorker.java:148)
at org.testng.internal.invokers.TestMethodWorker.run(TestMethodWorker.java:128)
at java.base/java.util.concurrent.ThreadPoolExecutor.runWorker(ThreadPoolExecutor.java:1136)
at java.base/java.util.concurrent.ThreadPoolExecutor$Worker.run(ThreadPoolExecutor.java:635)
at java.base/java.lang.Thread.run(Thread.java:833)
]]>
            </full-stacktrace>
          </exception> <!-- java.lang.AssertionError -->
          <reporter-output>
          </reporter-output>
        </test-method> <!-- viewYourReturnReque -->
        <test-method signature="viewYourReturnRequest()[pri:0, instance:testcases.MyOrdersTest@55cb6996]" started-at="2023-06-27T23:19:30 IST" name="viewYourReturnRequest" finished-at="2023-06-27T23:19:30 IST" duration-ms="517" status="PASS">
          <reporter-output>
          </reporter-output>
        </test-method> <!-- viewYourReturnRequest -->
        <test-method signature="viewyourorderhis()[pri:0, instance:testcases.MyOrdersTest@55cb6996]" started-at="2023-06-27T23:19:30 IST" name="viewyourorderhis" finished-at="2023-06-27T23:19:30 IST" duration-ms="364" status="PASS">
          <reporter-output>
          </reporter-output>
        </test-method> <!-- viewyourorderhis -->
        <test-method signature="yourRewardPoint()[pri:0, instance:testcases.MyOrdersTest@55cb6996]" started-at="2023-06-27T23:19:30 IST" name="yourRewardPoint" finished-at="2023-06-27T23:19:31 IST" duration-ms="136" status="PASS">
          <reporter-output>
          </reporter-output>
        </test-method> <!-- yourRewardPoint -->
        <test-method signature="yourTransactions()[pri:0, instance:testcases.MyOrdersTest@55cb6996]" started-at="2023-06-27T23:19:31 IST" name="yourTransactions" finished-at="2023-06-27T23:19:31 IST" duration-ms="154" status="PASS">
          <reporter-output>
          </reporter-output>
        </test-method> <!-- yourTransactions -->
        <test-method is-config="true" signature="close()[pri:0, instance:testcases.MyOrdersTest@55cb6996]" started-at="2023-06-27T23:19:31 IST" name="close" finished-at="2023-06-27T23:19:35 IST" duration-ms="4266" status="PASS">
          <reporter-output>
          </reporter-output>
        </test-method> <!-- close -->
      </class> <!-- testcases.MyOrdersTest -->
    </test> <!-- Test -->
  </suite> <!-- Suite -->
</testng-results>
