<?xml version="1.0" encoding="UTF-8"?>
<!-- Generated by org.testng.reporters.JUnitReportReporter -->
<testsuite hostname="IM-RT-LP-621" failures="1" tests="4" name="testcases.MyAccountModulTest" time="2.090" errors="0" timestamp="2023-06-07T20:35:24 IST" skipped="0">
  <testcase classname="testcases.MyAccountModulTest" name="MyAccountModuleTest" time="0.400"/>
  <system-out/>
  <testcase classname="testcases.MyAccountModulTest" name="wishlist" time="0.698"/>
  <system-out/>
  <testcase classname="testcases.MyAccountModulTest" name="editinformation" time="0.085">
    <failure message="expected [Modify your address book entries] but found [Edit your account information]" type="java.lang.AssertionError">
      <![CDATA[java.lang.AssertionError: expected [Modify your address book entries] but found [Edit your account information]
at org.testng.Assert.fail(Assert.java:110)
at org.testng.Assert.failNotEquals(Assert.java:1577)
at org.testng.Assert.assertEqualsImpl(Assert.java:149)
at org.testng.Assert.assertEquals(Assert.java:131)
at org.testng.Assert.assertEquals(Assert.java:655)
at org.testng.Assert.assertEquals(Assert.java:665)
at testcases.MyAccountModulTest.editinformation(MyAccountModulTest.java:25)
at java.base/jdk.internal.reflect.NativeMethodAccessorImpl.invoke0(Native Method)
at java.base/jdk.internal.reflect.NativeMethodAccessorImpl.invoke(NativeMethodAccessorImpl.java:77)
at java.base/jdk.internal.reflect.DelegatingMethodAccessorImpl.invoke(DelegatingMethodAccessorImpl.java:43)
at java.base/java.lang.reflect.Method.invoke(Method.java:568)
at org.testng.internal.invokers.MethodInvocationHelper.invokeMethod(MethodInvocationHelper.java:139)
at org.testng.internal.invokers.TestInvoker.invokeMethod(TestInvoker.java:677)
at org.testng.internal.invokers.TestInvoker.invokeTestMethod(TestInvoker.java:221)
at org.testng.internal.invokers.MethodRunner.runInSequence(MethodRunner.java:50)
at org.testng.internal.invokers.TestInvoker$MethodInvocationAgent.invoke(TestInvoker.java:969)
at org.testng.internal.invokers.TestInvoker.invokeTestMethods(TestInvoker.java:194)
at org.testng.internal.invokers.TestMethodWorker.invokeTestMethods(TestMethodWorker.java:148)
at org.testng.internal.invokers.TestMethodWorker.run(TestMethodWorker.java:128)
at java.base/java.util.concurrent.ThreadPoolExecutor.runWorker(ThreadPoolExecutor.java:1136)
at java.base/java.util.concurrent.ThreadPoolExecutor$Worker.run(ThreadPoolExecutor.java:635)
at java.base/java.lang.Thread.run(Thread.java:833)
]]>
    </failure>
  </testcase> <!-- editinformation -->
  <system-out/>
  <testcase classname="testcases.MyAccountModulTest" name="addressbook" time="0.907"/>
  <system-out/>
</testsuite> <!-- testcases.MyAccountModulTest -->
